<?xml version="1.0" encoding="UTF-8"?>
<!-- Generated by org.testng.reporters.JUnitReportReporter -->
<testsuite hostname="LAPTOP-P2U8KLAQ" failures="0" tests="4" name="HomeDepot.Suites.Test_Cart" time="115.414" errors="0" timestamp="2021-02-03T14:24:22 CST" skipped="0">
  <testcase classname="HomeDepot.Suites.Test_Cart" name="search2" time="19.752"/>
  <system-out/>
  <testcase classname="HomeDepot.Suites.Test_Cart" name="search4" time="35.104"/>
  <system-out/>
  <testcase classname="HomeDepot.Suites.Test_Cart" name="search" time="40.340"/>
  <system-out/>
  <testcase classname="HomeDepot.Suites.Test_Cart" name="search3" time="20.218"/>
  <system-out/>
</testsuite> <!-- HomeDepot.Suites.Test_Cart -->
